# JRE version: Java(TM) SE Runtime Environment (8.0_05-b13) (build 1.8.0_05-b13)
# Java VM: Java HotSpot(TM) 64-Bit Server VM (25.5-b02 mixed mode windows-amd64 compressed oops)
Heap:
 PSYoungGen      total 13824K, used 685K [0x00000000eb300000, 0x00000000ec280000, 0x0000000100000000)
  eden space 11776K, 0% used [0x00000000eb300000,0x00000000eb300000,0x00000000ebe80000)
  from space 2048K, 33% used [0x00000000ec080000,0x00000000ec12b638,0x00000000ec280000)
  to   space 2048K, 0% used [0x00000000ebe80000,0x00000000ebe80000,0x00000000ec080000)
 ParOldGen       total 64000K, used 2278K [0x00000000c1800000, 0x00000000c5680000, 0x00000000eb300000)
  object space 64000K, 3% used [0x00000000c1800000,0x00000000c1a39960,0x00000000c5680000)
 Metaspace       used 8354K, capacity 8472K, committed 8576K, reserved 1060864K
  class space    used 1007K, capacity 1054K, committed 1152K, reserved 1048576K
GC Heap History (10 events):
Event: 1.726 GC heap after
Heap after GC invocations=5 (full 0):
 PSYoungGen      total 2560K, used 512K [0x00000000eb300000, 0x00000000eb900000, 0x0000000100000000)
  eden space 2048K, 0% used [0x00000000eb300000,0x00000000eb300000,0x00000000eb500000)
  from space 512K, 100% used [0x00000000eb500000,0x00000000eb580000,0x00000000eb580000)
  to   space 1024K, 0% used [0x00000000eb800000,0x00000000eb800000,0x00000000eb900000)
 ParOldGen       total 64000K, used 915K [0x00000000c1800000, 0x00000000c5680000, 0x00000000eb300000)
  object space 64000K, 1% used [0x00000000c1800000,0x00000000c18e4fe8,0x00000000c5680000)
 Metaspace       used 3387K, capacity 4848K, committed 5120K, reserved 1056768K
  class space    used 367K, capacity 424K, committed 512K, reserved 1048576K
}
Event: 2.008 GC heap before
{Heap before GC invocations=6 (full 0):
 PSYoungGen      total 2560K, used 2560K [0x00000000eb300000, 0x00000000eb900000, 0x0000000100000000)
  eden space 2048K, 100% used [0x00000000eb300000,0x00000000eb500000,0x00000000eb500000)
  from space 512K, 100% used [0x00000000eb500000,0x00000000eb580000,0x00000000eb580000)
  to   space 1024K, 0% used [0x00000000eb800000,0x00000000eb800000,0x00000000eb900000)
 ParOldGen       total 64000K, used 915K [0x00000000c1800000, 0x00000000c5680000, 0x00000000eb300000)
  object space 64000K, 1% used [0x00000000c1800000,0x00000000c18e4fe8,0x00000000c5680000)
 Metaspace       used 4336K, capacity 5144K, committed 5504K, reserved 1056768K
  class space    used 491K, capacity 528K, committed 640K, reserved 1048576K
Event: 2.012 GC heap after
Heap after GC invocations=6 (full 0):
 PSYoungGen      total 4608K, used 961K [0x00000000eb300000, 0x00000000eba00000, 0x0000000100000000)
  eden space 3584K, 0% used [0x00000000eb300000,0x00000000eb300000,0x00000000eb680000)
  from space 1024K, 93% used [0x00000000eb800000,0x00000000eb8f0490,0x00000000eb900000)
  to   space 1536K, 0% used [0x00000000eb680000,0x00000000eb680000,0x00000000eb800000)
 ParOldGen       total 64000K, used 923K [0x00000000c1800000, 0x00000000c5680000, 0x00000000eb300000)
  object space 64000K, 1% used [0x00000000c1800000,0x00000000c18e6fe8,0x00000000c5680000)
 Metaspace       used 4336K, capacity 5144K, committed 5504K, reserved 1056768K
  class space    used 491K, capacity 528K, committed 640K, reserved 1048576K
}
Event: 2.394 GC heap before
{Heap before GC invocations=7 (full 0):
 PSYoungGen      total 4608K, used 4545K [0x00000000eb300000, 0x00000000eba00000, 0x0000000100000000)
  eden space 3584K, 100% used [0x00000000eb300000,0x00000000eb680000,0x00000000eb680000)
  from space 1024K, 93% used [0x00000000eb800000,0x00000000eb8f0490,0x00000000eb900000)
  to   space 1536K, 0% used [0x00000000eb680000,0x00000000eb680000,0x00000000eb800000)
 ParOldGen       total 64000K, used 923K [0x00000000c1800000, 0x00000000c5680000, 0x00000000eb300000)
  object space 64000K, 1% used [0x00000000c1800000,0x00000000c18e6fe8,0x00000000c5680000)
 Metaspace       used 5559K, capacity 5688K, committed 5888K, reserved 1056768K
  class space    used 652K, capacity 688K, committed 768K, reserved 1048576K
Event: 2.398 GC heap after
Heap after GC invocations=7 (full 0):
 PSYoungGen      total 5120K, used 944K [0x00000000eb300000, 0x00000000ebd00000, 0x0000000100000000)
  eden space 3584K, 0% used [0x00000000eb300000,0x00000000eb300000,0x00000000eb680000)
  from space 1536K, 61% used [0x00000000eb680000,0x00000000eb76c010,0x00000000eb800000)
  to   space 1536K, 0% used [0x00000000ebb80000,0x00000000ebb80000,0x00000000ebd00000)
 ParOldGen       total 64000K, used 1293K [0x00000000c1800000, 0x00000000c5680000, 0x00000000eb300000)
  object space 64000K, 2% used [0x00000000c1800000,0x00000000c19434c8,0x00000000c5680000)
 Metaspace       used 5559K, capacity 5688K, committed 5888K, reserved 1056768K
  class space    used 652K, capacity 688K, committed 768K, reserved 1048576K
}
Event: 2.620 GC heap before
{Heap before GC invocations=8 (full 0):
 PSYoungGen      total 5120K, used 4528K [0x00000000eb300000, 0x00000000ebd00000, 0x0000000100000000)
  eden space 3584K, 100% used [0x00000000eb300000,0x00000000eb680000,0x00000000eb680000)
  from space 1536K, 61% used [0x00000000eb680000,0x00000000eb76c010,0x00000000eb800000)
  to   space 1536K, 0% used [0x00000000ebb80000,0x00000000ebb80000,0x00000000ebd00000)
 ParOldGen       total 64000K, used 1293K [0x00000000c1800000, 0x00000000c5680000, 0x00000000eb300000)
  object space 64000K, 2% used [0x00000000c1800000,0x00000000c19434c8,0x00000000c5680000)
 Metaspace       used 6655K, capacity 6820K, committed 7040K, reserved 1056768K
  class space    used 803K, capacity 852K, committed 896K, reserved 1048576K
Event: 2.629 GC heap after
Heap after GC invocations=8 (full 0):
 PSYoungGen      total 8704K, used 1120K [0x00000000eb300000, 0x00000000ebd00000, 0x0000000100000000)
  eden space 7168K, 0% used [0x00000000eb300000,0x00000000eb300000,0x00000000eba00000)
  from space 1536K, 72% used [0x00000000ebb80000,0x00000000ebc98000,0x00000000ebd00000)
  to   space 1536K, 0% used [0x00000000eba00000,0x00000000eba00000,0x00000000ebb80000)
 ParOldGen       total 64000K, used 1405K [0x00000000c1800000, 0x00000000c5680000, 0x00000000eb300000)
  object space 64000K, 2% used [0x00000000c1800000,0x00000000c195f4c8,0x00000000c5680000)
 Metaspace       used 6655K, capacity 6820K, committed 7040K, reserved 1056768K
  class space    used 803K, capacity 852K, committed 896K, reserved 1048576K
}
Event: 3.042 GC heap before
{Heap before GC invocations=9 (full 0):
 PSYoungGen      total 8704K, used 8288K [0x00000000eb300000, 0x00000000ebd00000, 0x0000000100000000)
  eden space 7168K, 100% used [0x00000000eb300000,0x00000000eba00000,0x00000000eba00000)
  from space 1536K, 72% used [0x00000000ebb80000,0x00000000ebc98000,0x00000000ebd00000)
  to   space 1536K, 0% used [0x00000000eba00000,0x00000000eba00000,0x00000000ebb80000)
 ParOldGen       total 64000K, used 1405K [0x00000000c1800000, 0x00000000c5680000, 0x00000000eb300000)
  object space 64000K, 2% used [0x00000000c1800000,0x00000000c195f4c8,0x00000000c5680000)
 Metaspace       used 8245K, capacity 8408K, committed 8576K, reserved 1056768K
  class space    used 997K, capacity 1054K, committed 1152K, reserved 1048576K
Event: 3.100 GC heap after
Heap after GC invocations=9 (full 0):
 PSYoungGen      total 8704K, used 1520K [0x00000000eb300000, 0x00000000ec280000, 0x0000000100000000)
  eden space 7168K, 0% used [0x00000000eb300000,0x00000000eb300000,0x00000000eba00000)
  from space 1536K, 99% used [0x00000000eba00000,0x00000000ebb7c3b0,0x00000000ebb80000)
  to   space 2048K, 0% used [0x00000000ec080000,0x00000000ec080000,0x00000000ec280000)
 ParOldGen       total 64000K, used 1709K [0x00000000c1800000, 0x00000000c5680000, 0x00000000eb300000)
  object space 64000K, 2% used [0x00000000c1800000,0x00000000c19ab5e8,0x00000000c5680000)
 Metaspace       used 8245K, capacity 8408K, committed 8576K, reserved 1056768K
  class space    used 997K, capacity 1054K, committed 1152K, reserved 1048576K
}
Event: 3.143 GC heap before
{Heap before GC invocations=10 (full 0):
 PSYoungGen      total 8704K, used 2360K [0x00000000eb300000, 0x00000000ec280000, 0x0000000100000000)
  eden space 7168K, 11% used [0x00000000eb300000,0x00000000eb3d1e20,0x00000000eba00000)
  from space 1536K, 99% used [0x00000000eba00000,0x00000000ebb7c3b0,0x00000000ebb80000)
  to   space 2048K, 0% used [0x00000000ec080000,0x00000000ec080000,0x00000000ec280000)
 ParOldGen       total 64000K, used 1709K [0x00000000c1800000, 0x00000000c5680000, 0x00000000eb300000)
  object space 64000K, 2% used [0x00000000c1800000,0x00000000c19ab5e8,0x00000000c5680000)
 Metaspace       used 8354K, capacity 8472K, committed 8576K, reserved 1060864K
  class space    used 1007K, capacity 1054K, committed 1152K, reserved 1048576K

