# JRE version: Java(TM) SE Runtime Environment (8.0_05-b13) (build 1.8.0_05-b13)
# Java VM: Java HotSpot(TM) 64-Bit Server VM (25.5-b02 mixed mode windows-amd64 compressed oops)
Heap:
 PSYoungGen      total 69632K, used 23933K [0x00000000eb300000, 0x00000000f0880000, 0x0000000100000000)
  eden space 62464K, 26% used [0x00000000eb300000,0x00000000ec366d10,0x00000000ef000000)
  from space 7168K, 99% used [0x00000000ef000000,0x00000000ef6f89f0,0x00000000ef700000)
  to   space 8704K, 0% used [0x00000000f0000000,0x00000000f0000000,0x00000000f0880000)
 ParOldGen       total 25088K, used 17481K [0x00000000c1800000, 0x00000000c3080000, 0x00000000eb300000)
  object space 25088K, 69% used [0x00000000c1800000,0x00000000c2912728,0x00000000c3080000)
 Metaspace       used 42457K, capacity 44136K, committed 44544K, reserved 1089536K
  class space    used 5769K, capacity 6078K, committed 6144K, reserved 1048576K
GC Heap History (10 events):
Event: 11.761 GC heap before
{Heap before GC invocations=31 (full 3):
 PSYoungGen      total 59904K, used 4295K [0x00000000eb300000, 0x00000000ef380000, 0x0000000100000000)
  eden space 54784K, 0% used [0x00000000eb300000,0x00000000eb300000,0x00000000ee880000)
  from space 5120K, 83% used [0x00000000eee80000,0x00000000ef2b1d88,0x00000000ef380000)
  to   space 5632K, 0% used [0x00000000ee880000,0x00000000ee880000,0x00000000eee00000)
 ParOldGen       total 10752K, used 9331K [0x00000000c1800000, 0x00000000c2280000, 0x00000000eb300000)
  object space 10752K, 86% used [0x00000000c1800000,0x00000000c211cf28,0x00000000c2280000)
 Metaspace       used 28431K, capacity 29520K, committed 29696K, reserved 1075200K
  class space    used 3771K, capacity 3990K, committed 4096K, reserved 1048576K
Event: 11.885 GC heap after
Heap after GC invocations=31 (full 3):
 PSYoungGen      total 59904K, used 1635K [0x00000000eb300000, 0x00000000ef380000, 0x0000000100000000)
  eden space 54784K, 0% used [0x00000000eb300000,0x00000000eb300000,0x00000000ee880000)
  from space 5120K, 31% used [0x00000000eee80000,0x00000000ef018d18,0x00000000ef380000)
  to   space 5632K, 0% used [0x00000000ee880000,0x00000000ee880000,0x00000000eee00000)
 ParOldGen       total 15360K, used 10747K [0x00000000c1800000, 0x00000000c2700000, 0x00000000eb300000)
  object space 15360K, 69% used [0x00000000c1800000,0x00000000c227ee78,0x00000000c2700000)
 Metaspace       used 28431K, capacity 29520K, committed 29696K, reserved 1075200K
  class space    used 3771K, capacity 3990K, committed 4096K, reserved 1048576K
}
Event: 14.208 GC heap before
{Heap before GC invocations=32 (full 3):
 PSYoungGen      total 59904K, used 56417K [0x00000000eb300000, 0x00000000ef380000, 0x0000000100000000)
  eden space 54784K, 99% used [0x00000000eb300000,0x00000000ee87f850,0x00000000ee880000)
  from space 5120K, 31% used [0x00000000eee80000,0x00000000ef018d18,0x00000000ef380000)
  to   space 5632K, 0% used [0x00000000ee880000,0x00000000ee880000,0x00000000eee00000)
 ParOldGen       total 15360K, used 10747K [0x00000000c1800000, 0x00000000c2700000, 0x00000000eb300000)
  object space 15360K, 69% used [0x00000000c1800000,0x00000000c227ee78,0x00000000c2700000)
 Metaspace       used 32220K, capacity 33766K, committed 34048K, reserved 1079296K
  class space    used 4306K, capacity 4583K, committed 4608K, reserved 1048576K
Event: 14.268 GC heap after
Heap after GC invocations=32 (full 3):
 PSYoungGen      total 60416K, used 5626K [0x00000000eb300000, 0x00000000efe80000, 0x0000000100000000)
  eden space 54784K, 0% used [0x00000000eb300000,0x00000000eb300000,0x00000000ee880000)
  from space 5632K, 99% used [0x00000000ee880000,0x00000000eedfe9d8,0x00000000eee00000)
  to   space 7680K, 0% used [0x00000000ef700000,0x00000000ef700000,0x00000000efe80000)
 ParOldGen       total 15360K, used 12839K [0x00000000c1800000, 0x00000000c2700000, 0x00000000eb300000)
  object space 15360K, 83% used [0x00000000c1800000,0x00000000c2489f60,0x00000000c2700000)
 Metaspace       used 32220K, capacity 33766K, committed 34048K, reserved 1079296K
  class space    used 4306K, capacity 4583K, committed 4608K, reserved 1048576K
}
Event: 15.022 GC heap before
{Heap before GC invocations=33 (full 3):
 PSYoungGen      total 60416K, used 60370K [0x00000000eb300000, 0x00000000efe80000, 0x0000000100000000)
  eden space 54784K, 99% used [0x00000000eb300000,0x00000000ee875fb0,0x00000000ee880000)
  from space 5632K, 99% used [0x00000000ee880000,0x00000000eedfe9d8,0x00000000eee00000)
  to   space 7680K, 0% used [0x00000000ef700000,0x00000000ef700000,0x00000000efe80000)
 ParOldGen       total 15360K, used 12839K [0x00000000c1800000, 0x00000000c2700000, 0x00000000eb300000)
  object space 15360K, 83% used [0x00000000c1800000,0x00000000c2489f60,0x00000000c2700000)
 Metaspace       used 33098K, capacity 34672K, committed 34944K, reserved 1079296K
  class space    used 4404K, capacity 4686K, committed 4736K, reserved 1048576K
Event: 15.069 GC heap after
Heap after GC invocations=33 (full 3):
 PSYoungGen      total 70144K, used 1656K [0x00000000eb300000, 0x00000000efe80000, 0x0000000100000000)
  eden space 62464K, 0% used [0x00000000eb300000,0x00000000eb300000,0x00000000ef000000)
  from space 7680K, 21% used [0x00000000ef700000,0x00000000ef89e110,0x00000000efe80000)
  to   space 7168K, 0% used [0x00000000ef000000,0x00000000ef000000,0x00000000ef700000)
 ParOldGen       total 18944K, used 18336K [0x00000000c1800000, 0x00000000c2a80000, 0x00000000eb300000)
  object space 18944K, 96% used [0x00000000c1800000,0x00000000c29e8098,0x00000000c2a80000)
 Metaspace       used 33098K, capacity 34672K, committed 34944K, reserved 1079296K
  class space    used 4404K, capacity 4686K, committed 4736K, reserved 1048576K
}
Event: 15.069 GC heap before
{Heap before GC invocations=34 (full 4):
 PSYoungGen      total 70144K, used 1656K [0x00000000eb300000, 0x00000000efe80000, 0x0000000100000000)
  eden space 62464K, 0% used [0x00000000eb300000,0x00000000eb300000,0x00000000ef000000)
  from space 7680K, 21% used [0x00000000ef700000,0x00000000ef89e110,0x00000000efe80000)
  to   space 7168K, 0% used [0x00000000ef000000,0x00000000ef000000,0x00000000ef700000)
 ParOldGen       total 18944K, used 18336K [0x00000000c1800000, 0x00000000c2a80000, 0x00000000eb300000)
  object space 18944K, 96% used [0x00000000c1800000,0x00000000c29e8098,0x00000000c2a80000)
 Metaspace       used 33098K, capacity 34672K, committed 34944K, reserved 1079296K
  class space    used 4404K, capacity 4686K, committed 4736K, reserved 1048576K
Event: 15.254 GC heap after
Heap after GC invocations=34 (full 4):
 PSYoungGen      total 70144K, used 0K [0x00000000eb300000, 0x00000000efe80000, 0x0000000100000000)
  eden space 62464K, 0% used [0x00000000eb300000,0x00000000eb300000,0x00000000ef000000)
  from space 7680K, 0% used [0x00000000ef700000,0x00000000ef700000,0x00000000efe80000)
  to   space 7168K, 0% used [0x00000000ef000000,0x00000000ef000000,0x00000000ef700000)
 ParOldGen       total 25088K, used 17340K [0x00000000c1800000, 0x00000000c3080000, 0x00000000eb300000)
  object space 25088K, 69% used [0x00000000c1800000,0x00000000c28ef120,0x00000000c3080000)
 Metaspace       used 33098K, capacity 34672K, committed 34944K, reserved 1079296K
  class space    used 4404K, capacity 4686K, committed 4736K, reserved 1048576K
}
Event: 18.504 GC heap before
{Heap before GC invocations=35 (full 4):
 PSYoungGen      total 70144K, used 62464K [0x00000000eb300000, 0x00000000efe80000, 0x0000000100000000)
  eden space 62464K, 100% used [0x00000000eb300000,0x00000000ef000000,0x00000000ef000000)
  from space 7680K, 0% used [0x00000000ef700000,0x00000000ef700000,0x00000000efe80000)
  to   space 7168K, 0% used [0x00000000ef000000,0x00000000ef000000,0x00000000ef700000)
 ParOldGen       total 25088K, used 17340K [0x00000000c1800000, 0x00000000c3080000, 0x00000000eb300000)
  object space 25088K, 69% used [0x00000000c1800000,0x00000000c28ef120,0x00000000c3080000)
 Metaspace       used 39996K, capacity 41660K, committed 41728K, reserved 1085440K
  class space    used 5312K, capacity 5618K, committed 5632K, reserved 1048576K
Event: 18.526 GC heap after
Heap after GC invocations=35 (full 4):
 PSYoungGen      total 69632K, used 7138K [0x00000000eb300000, 0x00000000f0880000, 0x0000000100000000)
  eden space 62464K, 0% used [0x00000000eb300000,0x00000000eb300000,0x00000000ef000000)
  from space 7168K, 99% used [0x00000000ef000000,0x00000000ef6f89f0,0x00000000ef700000)
  to   space 8704K, 0% used [0x00000000f0000000,0x00000000f0000000,0x00000000f0880000)
 ParOldGen       total 25088K, used 17481K [0x00000000c1800000, 0x00000000c3080000, 0x00000000eb300000)
  object space 25088K, 69% used [0x00000000c1800000,0x00000000c2912728,0x00000000c3080000)
 Metaspace       used 39996K, capacity 41660K, committed 41728K, reserved 1085440K
  class space    used 5312K, capacity 5618K, committed 5632K, reserved 1048576K
}

